<?xml version="1.0" encoding="UTF-8"?>
<TestRun id="7af7fe54-b134-4e2c-8608-8e8ea39e7ada" name="wj.zhang@DST53863 2014-01-02 14:21:29" runUser="CN1\wj.zhang" xmlns="http://microsoft.com/schemas/VisualStudio/TeamTest/2010">
  <TestSettings name="Local" id="b90576d4-04a4-45f5-9144-5b655f7aa290">
    <Description>These are default test settings for a local test run.</Description>
    <Deployment userDeploymentRoot="D:\GitHub\G\GAssignation\TestResults" useDefaultDeploymentRoot="false" enabled="false" runDeploymentRoot="wj.zhang_DST53863 2014-01-02 14_21_29">
      <DeploymentItem filename="D:\GitHub\G\GAssignation\GAssignation\bin\Debug\GAssignation.dll" />
    </Deployment>
    <Execution>
      <TestTypeSpecific />
      <AgentRule name="Execution Agents">
      </AgentRule>
    </Execution>
  </TestSettings>
  <Times creation="2014-01-02T14:21:29.3014488+08:00" queuing="2014-01-02T14:21:30.1585345+08:00" start="2014-01-02T14:21:30.2575444+08:00" finish="2014-01-02T14:21:41.3086494+08:00" />
  <ResultSummary outcome="Error">
    <Counters total="1" executed="1" error="0" failed="0" timeout="0" aborted="1" inconclusive="0" passedButRunAborted="0" notRunnable="0" notExecuted="0" disconnected="0" warning="0" passed="0" completed="0" inProgress="0" pending="0" />
    <RunInfos>
      <RunInfo computerName="DST53863" outcome="Error" timestamp="2014-01-02T14:21:41.3076493+08:00">
        <Text>Test host process exited unexpectedly.</Text>
      </RunInfo>
    </RunInfos>
  </ResultSummary>
  <TestDefinitions>
    <UnitTest name="TestOutside" storage="d:\github\g\gassignation\gassignationtest\bin\debug\gassignationtest.dll" id="550291ee-5f8d-d2a8-f410-b45a00eda230">
      <Execution id="1d60f626-0a4c-4111-8957-ef9fd8260f1b" />
      <TestMethod codeBase="D:/GitHub/G/GAssignation/GAssignationTest/bin/Debug/GAssignationTest.DLL" adapterTypeName="Microsoft.VisualStudio.TestTools.TestTypes.Unit.UnitTestAdapter, Microsoft.VisualStudio.QualityTools.Tips.UnitTest.Adapter, Version=10.0.0.0, Culture=neutral, PublicKeyToken=b03f5f7f11d50a3a" className="GAssignationTest.RangeConditionTest, GAssignationTest, Version=1.0.0.0, Culture=neutral, PublicKeyToken=null" name="TestOutside" />
    </UnitTest>
  </TestDefinitions>
  <TestLists>
    <TestList name="Results Not in a List" id="8c84fa94-04c1-424b-9868-57a2d4851a1d" />
    <TestList name="All Loaded Results" id="19431567-8539-422a-85d7-44ee4e166bda" />
  </TestLists>
  <TestEntries>
    <TestEntry testId="550291ee-5f8d-d2a8-f410-b45a00eda230" executionId="1d60f626-0a4c-4111-8957-ef9fd8260f1b" testListId="8c84fa94-04c1-424b-9868-57a2d4851a1d" />
  </TestEntries>
  <Results>
    <UnitTestResult executionId="1d60f626-0a4c-4111-8957-ef9fd8260f1b" testId="550291ee-5f8d-d2a8-f410-b45a00eda230" testName="TestOutside" computerName="DST53863" duration="00:00:10.9440943" startTime="2014-01-02T14:21:30.3645551+08:00" endTime="2014-01-02T14:21:41.3086494+08:00" testType="13cdc9d9-ddb5-4fa4-a97d-d965ccfc6d4b" outcome="Aborted" testListId="8c84fa94-04c1-424b-9868-57a2d4851a1d" relativeResultsDirectory="1d60f626-0a4c-4111-8957-ef9fd8260f1b">
    </UnitTestResult>
  </Results>
</TestRun>