<?xml version="1.0" encoding="UTF-8"?>
<TestRun id="0f117491-3503-40c0-b084-2288d4ad3f45" name="wj.zhang@DST53863 2014-01-02 14:18:50" runUser="CN1\wj.zhang" xmlns="http://microsoft.com/schemas/VisualStudio/TeamTest/2010">
  <TestSettings name="Local" id="b90576d4-04a4-45f5-9144-5b655f7aa290">
    <Description>These are default test settings for a local test run.</Description>
    <Deployment userDeploymentRoot="D:\GitHub\G\GAssignation\TestResults" useDefaultDeploymentRoot="false" enabled="false" runDeploymentRoot="wj.zhang_DST53863 2014-01-02 14_18_50">
      <DeploymentItem filename="D:\GitHub\G\GAssignation\GAssignation\bin\Debug\GAssignation.dll" />
    </Deployment>
    <Execution>
      <TestTypeSpecific />
      <AgentRule name="Execution Agents">
      </AgentRule>
    </Execution>
  </TestSettings>
  <Times creation="2014-01-02T14:18:50.2385441+08:00" queuing="2014-01-02T14:18:52.9658168+08:00" start="2014-01-02T14:18:53.0478250+08:00" finish="2014-01-02T14:19:36.9402138+08:00" />
  <ResultSummary outcome="Error">
    <Counters total="1" executed="1" error="0" failed="0" timeout="0" aborted="1" inconclusive="0" passedButRunAborted="0" notRunnable="0" notExecuted="0" disconnected="0" warning="0" passed="0" completed="0" inProgress="0" pending="0" />
    <RunInfos>
      <RunInfo computerName="DST53863" outcome="Error" timestamp="2014-01-02T14:19:36.8182016+08:00">
        <Text>Test host process exited unexpectedly.</Text>
      </RunInfo>
    </RunInfos>
  </ResultSummary>
  <TestDefinitions>
    <UnitTest name="TestMethod1" storage="d:\github\g\gassignation\gassignationtest\bin\debug\gassignationtest.dll" id="95185da8-2b60-a3d2-74c3-842069201cc9">
      <Execution id="33f07595-2f47-41ce-ab44-b71feed084b8" />
      <TestMethod codeBase="D:/GitHub/G/GAssignation/GAssignationTest/bin/Debug/GAssignationTest.DLL" adapterTypeName="Microsoft.VisualStudio.TestTools.TestTypes.Unit.UnitTestAdapter, Microsoft.VisualStudio.QualityTools.Tips.UnitTest.Adapter, Version=10.0.0.0, Culture=neutral, PublicKeyToken=b03f5f7f11d50a3a" className="GAssignationTest.RangeConditionTest, GAssignationTest, Version=1.0.0.0, Culture=neutral, PublicKeyToken=null" name="TestMethod1" />
    </UnitTest>
  </TestDefinitions>
  <TestLists>
    <TestList name="Results Not in a List" id="8c84fa94-04c1-424b-9868-57a2d4851a1d" />
    <TestList name="All Loaded Results" id="19431567-8539-422a-85d7-44ee4e166bda" />
  </TestLists>
  <TestEntries>
    <TestEntry testId="95185da8-2b60-a3d2-74c3-842069201cc9" executionId="33f07595-2f47-41ce-ab44-b71feed084b8" testListId="8c84fa94-04c1-424b-9868-57a2d4851a1d" />
  </TestEntries>
  <Results>
    <UnitTestResult executionId="33f07595-2f47-41ce-ab44-b71feed084b8" testId="95185da8-2b60-a3d2-74c3-842069201cc9" testName="TestMethod1" computerName="DST53863" duration="00:00:43.6963692" startTime="2014-01-02T14:18:53.1228325+08:00" endTime="2014-01-02T14:19:36.8192017+08:00" testType="13cdc9d9-ddb5-4fa4-a97d-d965ccfc6d4b" outcome="Aborted" testListId="8c84fa94-04c1-424b-9868-57a2d4851a1d" relativeResultsDirectory="33f07595-2f47-41ce-ab44-b71feed084b8">
    </UnitTestResult>
  </Results>
</TestRun>