<?xml version="1.0" encoding="UTF-8"?>
<TestRun id="a79e7365-63dd-41f5-8094-2df9f27e9eed" name="wj.zhang@DST53863 2014-01-02 14:21:13" runUser="CN1\wj.zhang" xmlns="http://microsoft.com/schemas/VisualStudio/TeamTest/2010">
  <TestSettings name="Local" id="b90576d4-04a4-45f5-9144-5b655f7aa290">
    <Description>These are default test settings for a local test run.</Description>
    <Deployment enabled="false" runDeploymentRoot="wj.zhang_DST53863 2014-01-02 14_21_13">
      <DeploymentItem filename="D:\GitHub\G\GAssignation\GAssignation\bin\Debug\GAssignation.dll" />
    </Deployment>
    <Execution>
      <TestTypeSpecific />
      <AgentRule name="Execution Agents">
      </AgentRule>
    </Execution>
  </TestSettings>
  <Times creation="2014-01-02T14:21:13.9509139+08:00" queuing="2014-01-02T14:21:14.0799268+08:00" start="2014-01-02T14:21:14.0979286+08:00" finish="2014-01-02T14:21:14.3709559+08:00" />
  <ResultSummary outcome="Failed">
    <Counters total="1" executed="1" error="0" failed="1" timeout="0" aborted="0" inconclusive="0" passedButRunAborted="0" notRunnable="0" notExecuted="0" disconnected="0" warning="0" passed="0" completed="0" inProgress="0" pending="0" />
  </ResultSummary>
  <TestDefinitions>
    <UnitTest name="TestOutside" storage="d:\github\g\gassignation\gassignationtest\bin\debug\gassignationtest.dll" id="550291ee-5f8d-d2a8-f410-b45a00eda230">
      <Execution id="3d6b01e5-8cb2-402b-a5fe-60549ea11ab8" />
      <TestMethod codeBase="D:/GitHub/G/GAssignation/GAssignationTest/bin/Debug/GAssignationTest.DLL" adapterTypeName="Microsoft.VisualStudio.TestTools.TestTypes.Unit.UnitTestAdapter, Microsoft.VisualStudio.QualityTools.Tips.UnitTest.Adapter, Version=10.0.0.0, Culture=neutral, PublicKeyToken=b03f5f7f11d50a3a" className="GAssignationTest.RangeConditionTest, GAssignationTest, Version=1.0.0.0, Culture=neutral, PublicKeyToken=null" name="TestOutside" />
    </UnitTest>
  </TestDefinitions>
  <TestLists>
    <TestList name="Results Not in a List" id="8c84fa94-04c1-424b-9868-57a2d4851a1d" />
    <TestList name="All Loaded Results" id="19431567-8539-422a-85d7-44ee4e166bda" />
  </TestLists>
  <TestEntries>
    <TestEntry testId="550291ee-5f8d-d2a8-f410-b45a00eda230" executionId="3d6b01e5-8cb2-402b-a5fe-60549ea11ab8" testListId="8c84fa94-04c1-424b-9868-57a2d4851a1d" />
  </TestEntries>
  <Results>
    <UnitTestResult executionId="3d6b01e5-8cb2-402b-a5fe-60549ea11ab8" testId="550291ee-5f8d-d2a8-f410-b45a00eda230" testName="TestOutside" computerName="DST53863" duration="00:00:00.0503913" startTime="2014-01-02T14:21:14.1049293+08:00" endTime="2014-01-02T14:21:14.3569545+08:00" testType="13cdc9d9-ddb5-4fa4-a97d-d965ccfc6d4b" outcome="Failed" testListId="8c84fa94-04c1-424b-9868-57a2d4851a1d" relativeResultsDirectory="3d6b01e5-8cb2-402b-a5fe-60549ea11ab8">
      <Output>
        <ErrorInfo>
          <Message>Assert.AreEqual failed. Expected:&lt;outside&gt;. Actual:&lt;between&gt;. </Message>
          <StackTrace>   在 GAssignationTest.RangeConditionTest.TestOutside() 位置 D:\GitHub\G\GAssignation\GAssignationTest\RangeConditionTest.cs:行号 92
</StackTrace>
        </ErrorInfo>
      </Output>
    </UnitTestResult>
  </Results>
</TestRun>