<?xml version="1.0" encoding="UTF-8"?>
<TestRun id="a09f63da-aea9-4266-ba28-600cdce9ea12" name="wj.zhang@DST53863 2013-12-26 15:37:09" runUser="CN1\wj.zhang" xmlns="http://microsoft.com/schemas/VisualStudio/TeamTest/2010">
  <TestSettings name="Local" id="b90576d4-04a4-45f5-9144-5b655f7aa290">
    <Description>These are default test settings for a local test run.</Description>
    <Deployment enabled="false" runDeploymentRoot="wj.zhang_DST53863 2013-12-26 15_37_09">
      <DeploymentItem filename="D:\GitHub\G\GAssignation\GAssignation\bin\Debug\GAssignation.dll" />
    </Deployment>
    <Execution>
      <TestTypeSpecific />
      <AgentRule name="Execution Agents">
      </AgentRule>
    </Execution>
  </TestSettings>
  <Times creation="2013-12-26T15:37:09.6255929+08:00" queuing="2013-12-26T15:37:12.3985929+08:00" start="2013-12-26T15:37:12.4485929+08:00" finish="2013-12-26T15:37:12.7485929+08:00" />
  <ResultSummary outcome="Completed">
    <Counters total="1" executed="1" passed="1" error="0" failed="0" timeout="0" aborted="0" inconclusive="0" passedButRunAborted="0" notRunnable="0" notExecuted="0" disconnected="0" warning="0" completed="0" inProgress="0" pending="0" />
  </ResultSummary>
  <TestDefinitions>
    <UnitTest name="TestMethod1" storage="d:\github\g\gassignation\gassignationtest\bin\debug\gassignationtest.dll" id="29618c98-5d72-a35d-c7b3-6b0a010b0f6b">
      <Execution id="007d80e4-67b8-45cb-a50f-1589019a8878" />
      <TestMethod codeBase="D:/GitHub/G/GAssignation/GAssignationTest/bin/Debug/GAssignationTest.DLL" adapterTypeName="Microsoft.VisualStudio.TestTools.TestTypes.Unit.UnitTestAdapter, Microsoft.VisualStudio.QualityTools.Tips.UnitTest.Adapter, Version=10.0.0.0, Culture=neutral, PublicKeyToken=b03f5f7f11d50a3a" className="GAssignationTest.DefaultSetterTests, GAssignationTest, Version=1.0.0.0, Culture=neutral, PublicKeyToken=null" name="TestMethod1" />
    </UnitTest>
  </TestDefinitions>
  <TestLists>
    <TestList name="Results Not in a List" id="8c84fa94-04c1-424b-9868-57a2d4851a1d" />
    <TestList name="All Loaded Results" id="19431567-8539-422a-85d7-44ee4e166bda" />
  </TestLists>
  <TestEntries>
    <TestEntry testId="29618c98-5d72-a35d-c7b3-6b0a010b0f6b" executionId="007d80e4-67b8-45cb-a50f-1589019a8878" testListId="8c84fa94-04c1-424b-9868-57a2d4851a1d" />
  </TestEntries>
  <Results>
    <UnitTestResult executionId="007d80e4-67b8-45cb-a50f-1589019a8878" testId="29618c98-5d72-a35d-c7b3-6b0a010b0f6b" testName="TestMethod1" computerName="DST53863" duration="00:00:00.0300069" startTime="2013-12-26T15:37:12.4565929+08:00" endTime="2013-12-26T15:37:12.7335929+08:00" testType="13cdc9d9-ddb5-4fa4-a97d-d965ccfc6d4b" outcome="Passed" testListId="8c84fa94-04c1-424b-9868-57a2d4851a1d" relativeResultsDirectory="007d80e4-67b8-45cb-a50f-1589019a8878">
    </UnitTestResult>
  </Results>
</TestRun>