<?xml version="1.0" encoding="UTF-8"?>
<TestRun id="b1fd146a-81d5-42d9-b343-c42b4f46d986" name="wj.zhang@DST53863 2014-01-02 16:28:06" runUser="CN1\wj.zhang" xmlns="http://microsoft.com/schemas/VisualStudio/TeamTest/2010">
  <TestSettings name="Local" id="b90576d4-04a4-45f5-9144-5b655f7aa290">
    <Description>These are default test settings for a local test run.</Description>
    <Deployment enabled="false" runDeploymentRoot="wj.zhang_DST53863 2014-01-02 16_28_06">
      <DeploymentItem filename="D:\GitHub\G\GAssignation\GAssignation\bin\Debug\GAssignation.dll" />
    </Deployment>
    <Execution>
      <TestTypeSpecific />
      <AgentRule name="Execution Agents">
      </AgentRule>
    </Execution>
  </TestSettings>
  <Times creation="2014-01-02T16:28:06.4395027+08:00" queuing="2014-01-02T16:28:07.7835027+08:00" start="2014-01-02T16:28:07.8855027+08:00" finish="2014-01-02T16:28:57.7767217+08:00" />
  <ResultSummary outcome="Error">
    <Counters total="1" executed="1" error="0" failed="0" timeout="0" aborted="1" inconclusive="0" passedButRunAborted="0" notRunnable="0" notExecuted="0" disconnected="0" warning="0" passed="0" completed="0" inProgress="0" pending="0" />
    <RunInfos>
      <RunInfo computerName="DST53863" outcome="Error" timestamp="2014-01-02T16:28:57.7757215+08:00">
        <Text>Test host process exited unexpectedly.</Text>
      </RunInfo>
    </RunInfos>
  </ResultSummary>
  <TestDefinitions>
    <UnitTest name="TestCollection" storage="d:\github\g\gassignation\gassignationtest\bin\debug\gassignationtest.dll" id="3d155380-f468-bd81-ea8d-9e8e9511027e">
      <Execution id="47b07921-b7ff-45ca-90cc-3fd766b036c0" />
      <TestMethod codeBase="D:/GitHub/G/GAssignation/GAssignationTest/bin/Debug/GAssignationTest.DLL" adapterTypeName="Microsoft.VisualStudio.TestTools.TestTypes.Unit.UnitTestAdapter, Microsoft.VisualStudio.QualityTools.Tips.UnitTest.Adapter, Version=10.0.0.0, Culture=neutral, PublicKeyToken=b03f5f7f11d50a3a" className="GAssignationTest.ChildAssigner, GAssignationTest, Version=1.0.0.0, Culture=neutral, PublicKeyToken=null" name="TestCollection" />
    </UnitTest>
  </TestDefinitions>
  <TestLists>
    <TestList name="Results Not in a List" id="8c84fa94-04c1-424b-9868-57a2d4851a1d" />
    <TestList name="All Loaded Results" id="19431567-8539-422a-85d7-44ee4e166bda" />
  </TestLists>
  <TestEntries>
    <TestEntry testId="3d155380-f468-bd81-ea8d-9e8e9511027e" executionId="47b07921-b7ff-45ca-90cc-3fd766b036c0" testListId="8c84fa94-04c1-424b-9868-57a2d4851a1d" />
  </TestEntries>
  <Results>
    <UnitTestResult executionId="47b07921-b7ff-45ca-90cc-3fd766b036c0" testId="3d155380-f468-bd81-ea8d-9e8e9511027e" testName="TestCollection" computerName="DST53863" duration="00:00:49.7952190" startTime="2014-01-02T16:28:07.9815027+08:00" endTime="2014-01-02T16:28:57.7767217+08:00" testType="13cdc9d9-ddb5-4fa4-a97d-d965ccfc6d4b" outcome="Aborted" testListId="8c84fa94-04c1-424b-9868-57a2d4851a1d" relativeResultsDirectory="47b07921-b7ff-45ca-90cc-3fd766b036c0">
    </UnitTestResult>
  </Results>
</TestRun>