<?xml version="1.0" encoding="UTF-8"?>
<TestRun id="0634e11e-1b69-4d76-8d0b-8557675df307" name="wj.zhang@DST53863 2014-01-02 15:19:49" runUser="CN1\wj.zhang" xmlns="http://microsoft.com/schemas/VisualStudio/TeamTest/2010">
  <TestSettings name="Local" id="b90576d4-04a4-45f5-9144-5b655f7aa290">
    <Description>These are default test settings for a local test run.</Description>
    <Deployment enabled="false" runDeploymentRoot="wj.zhang_DST53863 2014-01-02 15_19_49">
      <DeploymentItem filename="D:\GitHub\G\GAssignation\GAssignation\bin\Debug\GAssignation.dll" />
    </Deployment>
    <Execution>
      <TestTypeSpecific />
      <AgentRule name="Execution Agents">
      </AgentRule>
    </Execution>
  </TestSettings>
  <Times creation="2014-01-02T15:19:49.0493886+08:00" queuing="2014-01-02T15:19:49.2804117+08:00" start="2014-01-02T15:19:49.2844121+08:00" finish="2014-01-02T15:19:49.4464283+08:00" />
  <ResultSummary outcome="Completed">
    <Counters total="1" executed="1" passed="1" error="0" failed="0" timeout="0" aborted="0" inconclusive="0" passedButRunAborted="0" notRunnable="0" notExecuted="0" disconnected="0" warning="0" completed="0" inProgress="0" pending="0" />
  </ResultSummary>
  <TestDefinitions>
    <UnitTest name="TestMethod1" storage="d:\github\g\gassignation\gassignationtest\bin\debug\gassignationtest.dll" id="bef51277-19f8-6cfe-5da2-f8ed040a5fe5">
      <Execution id="3f1455fc-0245-4056-a478-64378a87aca5" />
      <TestMethod codeBase="D:/GitHub/G/GAssignation/GAssignationTest/bin/Debug/GAssignationTest.DLL" adapterTypeName="Microsoft.VisualStudio.TestTools.TestTypes.Unit.UnitTestAdapter, Microsoft.VisualStudio.QualityTools.Tips.UnitTest.Adapter, Version=10.0.0.0, Culture=neutral, PublicKeyToken=b03f5f7f11d50a3a" className="GAssignationTest.ChildAssigner, GAssignationTest, Version=1.0.0.0, Culture=neutral, PublicKeyToken=null" name="TestMethod1" />
    </UnitTest>
  </TestDefinitions>
  <TestLists>
    <TestList name="Results Not in a List" id="8c84fa94-04c1-424b-9868-57a2d4851a1d" />
    <TestList name="All Loaded Results" id="19431567-8539-422a-85d7-44ee4e166bda" />
  </TestLists>
  <TestEntries>
    <TestEntry testId="bef51277-19f8-6cfe-5da2-f8ed040a5fe5" executionId="3f1455fc-0245-4056-a478-64378a87aca5" testListId="8c84fa94-04c1-424b-9868-57a2d4851a1d" />
  </TestEntries>
  <Results>
    <UnitTestResult executionId="3f1455fc-0245-4056-a478-64378a87aca5" testId="bef51277-19f8-6cfe-5da2-f8ed040a5fe5" testName="TestMethod1" computerName="DST53863" duration="00:00:00.0201542" startTime="2014-01-02T15:19:49.2874124+08:00" endTime="2014-01-02T15:19:49.4364273+08:00" testType="13cdc9d9-ddb5-4fa4-a97d-d965ccfc6d4b" outcome="Passed" testListId="8c84fa94-04c1-424b-9868-57a2d4851a1d" relativeResultsDirectory="3f1455fc-0245-4056-a478-64378a87aca5">
    </UnitTestResult>
  </Results>
</TestRun>