<?xml version="1.0" encoding="UTF-8"?>
<TestRun id="a4931cea-acbe-4595-a387-413952c03836" name="wj.zhang@DST53863 2013-12-26 09:31:21" runUser="CN1\wj.zhang" xmlns="http://microsoft.com/schemas/VisualStudio/TeamTest/2010">
  <TestSettings name="Local" id="b90576d4-04a4-45f5-9144-5b655f7aa290">
    <Description>These are default test settings for a local test run.</Description>
    <Deployment enabled="false" runDeploymentRoot="wj.zhang_DST53863 2013-12-26 09_31_21">
      <DeploymentItem filename="D:\GitHub\G\GDefault\GDefault\bin\Debug\GDefault.dll" />
    </Deployment>
    <Execution>
      <TestTypeSpecific />
      <AgentRule name="Execution Agents">
      </AgentRule>
    </Execution>
  </TestSettings>
  <Times creation="2013-12-26T09:31:21.3757691+08:00" queuing="2013-12-26T09:31:22.2876779+08:00" start="2013-12-26T09:31:22.4126654+08:00" finish="2013-12-26T09:31:42.0367028+08:00" />
  <ResultSummary outcome="Failed">
    <Counters total="1" executed="1" error="0" failed="1" timeout="0" aborted="0" inconclusive="0" passedButRunAborted="0" notRunnable="0" notExecuted="0" disconnected="0" warning="0" passed="0" completed="0" inProgress="0" pending="0" />
  </ResultSummary>
  <TestDefinitions>
    <UnitTest name="TestUnless" storage="d:\github\g\gdefault\gdefaulttest\bin\debug\gdefaulttest.dll" id="d73c0ee2-2546-4e15-650c-1ed704fb937a">
      <Execution id="d4dfd077-9581-4a95-a4a8-ec85c8b9b6bf" />
      <TestMethod codeBase="D:/GitHub/G/GDefault/GDefaultTest/bin/Debug/GDefaultTest.DLL" adapterTypeName="Microsoft.VisualStudio.TestTools.TestTypes.Unit.UnitTestAdapter, Microsoft.VisualStudio.QualityTools.Tips.UnitTest.Adapter, Version=10.0.0.0, Culture=neutral, PublicKeyToken=b03f5f7f11d50a3a" className="GDefaultTest.DefaultSetterTests, GDefaultTest, Version=1.0.0.0, Culture=neutral, PublicKeyToken=null" name="TestUnless" />
    </UnitTest>
  </TestDefinitions>
  <TestLists>
    <TestList name="Results Not in a List" id="8c84fa94-04c1-424b-9868-57a2d4851a1d" />
    <TestList name="All Loaded Results" id="19431567-8539-422a-85d7-44ee4e166bda" />
  </TestLists>
  <TestEntries>
    <TestEntry testId="d73c0ee2-2546-4e15-650c-1ed704fb937a" executionId="d4dfd077-9581-4a95-a4a8-ec85c8b9b6bf" testListId="8c84fa94-04c1-424b-9868-57a2d4851a1d" />
  </TestEntries>
  <Results>
    <UnitTestResult executionId="d4dfd077-9581-4a95-a4a8-ec85c8b9b6bf" testId="d73c0ee2-2546-4e15-650c-1ed704fb937a" testName="TestUnless" computerName="DST53863" duration="00:00:18.0046599" startTime="2013-12-26T09:31:22.5166550+08:00" endTime="2013-12-26T09:31:41.9757089+08:00" testType="13cdc9d9-ddb5-4fa4-a97d-d965ccfc6d4b" outcome="Failed" testListId="8c84fa94-04c1-424b-9868-57a2d4851a1d" relativeResultsDirectory="d4dfd077-9581-4a95-a4a8-ec85c8b9b6bf">
      <Output>
        <ErrorInfo>
          <Message>Assert.AreNotEqual failed. Expected any value except:&lt;1&gt;. Actual:&lt;1&gt;. </Message>
          <StackTrace>   在 GDefaultTest.DefaultSetterTests.TestUnless() 位置 D:\GitHub\G\GDefault\GDefaultTest\DefaultSetterTests.cs:行号 101
</StackTrace>
        </ErrorInfo>
      </Output>
    </UnitTestResult>
  </Results>
</TestRun>