<?xml version="1.0" encoding="UTF-8"?>
<TestRun id="6d1cb552-f93b-4409-bf78-b66e336161c5" name="wj.zhang@DST53863 2013-12-26 09:28:14" runUser="CN1\wj.zhang" xmlns="http://microsoft.com/schemas/VisualStudio/TeamTest/2010">
  <TestSettings name="Local" id="b90576d4-04a4-45f5-9144-5b655f7aa290">
    <Description>These are default test settings for a local test run.</Description>
    <Deployment enabled="false" runDeploymentRoot="wj.zhang_DST53863 2013-12-26 09_28_14">
      <DeploymentItem filename="D:\GitHub\G\GDefault\GDefault\bin\Debug\GDefault.dll" />
    </Deployment>
    <Execution>
      <TestTypeSpecific />
      <AgentRule name="Execution Agents">
      </AgentRule>
    </Execution>
  </TestSettings>
  <Times creation="2013-12-26T09:28:14.7844301+08:00" queuing="2013-12-26T09:28:17.9991086+08:00" start="2013-12-26T09:28:18.1140971+08:00" finish="2013-12-26T09:30:27.7601312+08:00" />
  <ResultSummary outcome="Error">
    <Counters total="1" executed="1" error="0" failed="0" timeout="0" aborted="1" inconclusive="0" passedButRunAborted="0" notRunnable="0" notExecuted="0" disconnected="0" warning="0" passed="0" completed="0" inProgress="0" pending="0" />
    <RunInfos>
      <RunInfo computerName="DST53863" outcome="Error" timestamp="2013-12-26T09:30:27.7581314+08:00">
        <Text>Test host process exited unexpectedly.</Text>
      </RunInfo>
    </RunInfos>
  </ResultSummary>
  <TestDefinitions>
    <UnitTest name="TestUnless" storage="d:\github\g\gdefault\gdefaulttest\bin\debug\gdefaulttest.dll" id="d73c0ee2-2546-4e15-650c-1ed704fb937a">
      <Execution id="3fd11ff9-1136-423a-8400-df2531ab5078" />
      <TestMethod codeBase="D:/GitHub/G/GDefault/GDefaultTest/bin/Debug/GDefaultTest.DLL" adapterTypeName="Microsoft.VisualStudio.TestTools.TestTypes.Unit.UnitTestAdapter, Microsoft.VisualStudio.QualityTools.Tips.UnitTest.Adapter, Version=10.0.0.0, Culture=neutral, PublicKeyToken=b03f5f7f11d50a3a" className="GDefaultTest.DefaultSetterTests, GDefaultTest, Version=1.0.0.0, Culture=neutral, PublicKeyToken=null" name="TestUnless" />
    </UnitTest>
  </TestDefinitions>
  <TestLists>
    <TestList name="Results Not in a List" id="8c84fa94-04c1-424b-9868-57a2d4851a1d" />
    <TestList name="All Loaded Results" id="19431567-8539-422a-85d7-44ee4e166bda" />
  </TestLists>
  <TestEntries>
    <TestEntry testId="d73c0ee2-2546-4e15-650c-1ed704fb937a" executionId="3fd11ff9-1136-423a-8400-df2531ab5078" testListId="8c84fa94-04c1-424b-9868-57a2d4851a1d" />
  </TestEntries>
  <Results>
    <UnitTestResult executionId="3fd11ff9-1136-423a-8400-df2531ab5078" testId="d73c0ee2-2546-4e15-650c-1ed704fb937a" testName="TestUnless" computerName="DST53863" duration="00:02:09.5320455" startTime="2013-12-26T09:28:18.2280857+08:00" endTime="2013-12-26T09:30:27.7601312+08:00" testType="13cdc9d9-ddb5-4fa4-a97d-d965ccfc6d4b" outcome="Aborted" testListId="8c84fa94-04c1-424b-9868-57a2d4851a1d" relativeResultsDirectory="3fd11ff9-1136-423a-8400-df2531ab5078">
    </UnitTestResult>
  </Results>
</TestRun>